21:08:34 INFO  : Registering command handlers for SDK TCF services
21:08:35 INFO  : Launching XSCT server: xsct -n -interactive /home/user/my_projects/ZYBO_getting_started/ZYBO_getting_started.sdk/temp_xsdb_launch_script.tcl
21:08:37 INFO  : XSCT server has started successfully.
21:08:37 INFO  : Successfully done setting XSCT server connection channel  
21:08:37 INFO  : Successfully done setting SDK workspace  
21:08:37 INFO  : Processing command line option -hwspec /home/user/my_projects/ZYBO_getting_started/ZYBO_getting_started.sdk/design_1_wrapper.hdf.
21:13:13 INFO  : Connected to target on host '127.0.0.1' and port '3121'.
21:13:13 INFO  : 'targets -set -filter {jtag_cable_name =~ "Digilent Zybo 210279A42D69A" && level==0} -index 1' command is executed.
21:13:15 INFO  : FPGA configured successfully with bitstream "/home/user/my_projects/ZYBO_getting_started/ZYBO_getting_started.sdk/design_1_wrapper_hw_platform_0/design_1_wrapper.bit"
21:14:18 INFO  : 'targets -set -filter {jtag_cable_name =~ "Digilent Zybo 210279A42D69A" && level==0} -index 1' command is executed.
21:14:18 INFO  : 'fpga -state' command is executed.
21:14:18 INFO  : Connected to target on host '127.0.0.1' and port '3121'.
21:14:18 INFO  : Jtag cable 'Digilent Zybo 210279A42D69A' is selected.
21:14:18 INFO  : 'jtag frequency' command is executed.
21:14:18 INFO  : Sourcing of '/home/user/my_projects/ZYBO_getting_started/ZYBO_getting_started.sdk/design_1_wrapper_hw_platform_0/ps7_init.tcl' is done.
21:14:18 INFO  : Context for 'APU' is selected.
21:14:19 INFO  : Hardware design information is loaded from '/home/user/my_projects/ZYBO_getting_started/ZYBO_getting_started.sdk/design_1_wrapper_hw_platform_0/system.hdf'.
21:14:19 INFO  : 'configparams force-mem-access 1' command is executed.
21:14:19 INFO  : Context for 'APU' is selected.
21:14:19 INFO  : 'stop' command is executed.
21:14:19 INFO  : 'ps7_init' command is executed.
21:14:19 INFO  : 'ps7_post_config' command is executed.
21:14:19 INFO  : Context for processor 'ps7_cortexa9_0' is selected.
21:14:19 INFO  : Processor reset is completed for 'ps7_cortexa9_0'.
21:14:19 INFO  : Context for processor 'ps7_cortexa9_0' is selected.
21:14:19 INFO  : The application '/home/user/my_projects/ZYBO_getting_started/ZYBO_getting_started.sdk/getting_started_with_ZYBO/Debug/getting_started_with_ZYBO.elf' is downloaded to processor 'ps7_cortexa9_0'.
21:14:19 INFO  : 'configparams force-mem-access 0' command is executed.
21:14:19 INFO  : ----------------XSDB Script----------------
connect -url tcp:127.0.0.1:3121
source /home/user/my_projects/ZYBO_getting_started/ZYBO_getting_started.sdk/design_1_wrapper_hw_platform_0/ps7_init.tcl
targets -set -nocase -filter {name =~"APU*" && jtag_cable_name =~ "Digilent Zybo 210279A42D69A"} -index 0
loadhw -hw /home/user/my_projects/ZYBO_getting_started/ZYBO_getting_started.sdk/design_1_wrapper_hw_platform_0/system.hdf -mem-ranges [list {0x40000000 0xbfffffff}]
configparams force-mem-access 1
targets -set -nocase -filter {name =~"APU*" && jtag_cable_name =~ "Digilent Zybo 210279A42D69A"} -index 0
stop
ps7_init
ps7_post_config
targets -set -nocase -filter {name =~ "ARM*#0" && jtag_cable_name =~ "Digilent Zybo 210279A42D69A"} -index 0
rst -processor
targets -set -nocase -filter {name =~ "ARM*#0" && jtag_cable_name =~ "Digilent Zybo 210279A42D69A"} -index 0
dow /home/user/my_projects/ZYBO_getting_started/ZYBO_getting_started.sdk/getting_started_with_ZYBO/Debug/getting_started_with_ZYBO.elf
configparams force-mem-access 0
----------------End of Script----------------

21:14:19 INFO  : Memory regions updated for context APU
21:14:19 INFO  : Context for processor 'ps7_cortexa9_0' is selected.
21:14:19 INFO  : 'con' command is executed.
21:14:19 INFO  : ----------------XSDB Script (After Launch)----------------
targets -set -nocase -filter {name =~ "ARM*#0" && jtag_cable_name =~ "Digilent Zybo 210279A42D69A"} -index 0
con
----------------End of Script----------------

21:14:19 INFO  : Launch script is exported to file '/home/user/my_projects/ZYBO_getting_started/ZYBO_getting_started.sdk/.sdk/launch_scripts/xilinx_c-c++_application_(system_debugger)/system_debugger_using_debug_getting_started_with_zybo.elf_on_local.tcl'
